<?xml version="1.0" encoding="UTF-8"?>
<!-- Generated by org.testng.reporters.JUnitReportReporter -->
<testsuite skipped="0" hostname="LAPTOP-SJ9A3BCF" name="testorg.TC6" tests="1" failures="0" timestamp="19 Nov 2020 07:45:14 GMT" time="57.714" errors="0">
  <testcase name="signin" time="57.714" classname="testorg.TC6"/>
</testsuite> <!-- testorg.TC6 -->
