<?xml version="1.0" encoding="UTF-8"?>
<!-- Generated by org.testng.reporters.JUnitReportReporter -->
<testsuite skipped="0" hostname="LAPTOP-SJ9A3BCF" name="testorg.TC5" tests="1" failures="0" timestamp="18 Nov 2020 17:55:00 GMT" time="43.763" errors="0">
  <testcase name="signin" time="43.763" classname="testorg.TC5"/>
</testsuite> <!-- testorg.TC5 -->
