<?xml version="1.0" encoding="UTF-8"?>
<!-- Generated by org.testng.reporters.JUnitReportReporter -->
<testsuite skipped="0" hostname="LAPTOP-SJ9A3BCF" name="testorg.TC2" tests="1" failures="0" timestamp="18 Nov 2020 12:27:21 GMT" time="85.853" errors="0">
  <testcase name="signin" time="85.853" classname="testorg.TC2"/>
</testsuite> <!-- testorg.TC2 -->
