<?xml version="1.0" encoding="UTF-8"?>
<!-- Generated by org.testng.reporters.JUnitReportReporter -->
<testsuite skipped="0" hostname="LAPTOP-SJ9A3BCF" name="testorg.Testing" tests="1" failures="0" timestamp="21 Nov 2020 14:50:03 GMT" time="19.149" errors="0">
  <testcase name="signin" time="19.149" classname="testorg.Testing"/>
</testsuite> <!-- testorg.Testing -->
