<?xml version="1.0" encoding="UTF-8"?>
<!-- Generated by org.testng.reporters.JUnitReportReporter -->
<testsuite skipped="0" hostname="LAPTOP-SJ9A3BCF" name="testorg.TC3" tests="1" failures="0" timestamp="18 Nov 2020 12:29:09 GMT" time="53.065" errors="0">
  <testcase name="signin" time="53.065" classname="testorg.TC3"/>
</testsuite> <!-- testorg.TC3 -->
